<?xml version="1.0" encoding="UTF-8"?>
<!-- Generated by org.testng.reporters.JUnitReportReporter -->
<testsuite name="com.test.autoset.quickstart.homepage.TC003_VerifyLoginWithDifferentRecords" tests="2" time="11.437" ignored="0" failures="0" timestamp="06 Jan 2018 08:47:36 GMT" skipped="1" hostname="DELL-PC" errors="0">
  <testcase name="testLogin" time="0.007" classname="com.test.autoset.quickstart.homepage.TC003_VerifyLoginWithDifferentRecords">
    <skipped/>
  </testcase> <!-- testLogin -->
  <testcase name="testLogin" time="11.430" classname="com.test.autoset.quickstart.homepage.TC003_VerifyLoginWithDifferentRecords"/>
</testsuite> <!-- com.test.autoset.quickstart.homepage.TC003_VerifyLoginWithDifferentRecords -->
