<?xml version="1.0" encoding="UTF-8"?>
<!-- Generated by org.testng.reporters.JUnitReportReporter -->
<testsuite name="com.test.autoset.quickstart.homepage.TC003_VerifyLoginWithDifferentRecords" tests="2" time="5.980" ignored="0" failures="0" timestamp="09 Jan 2018 00:17:57 GMT" skipped="1" hostname="DELL-PC" errors="0">
  <testcase name="testLogin" time="0.003" classname="com.test.autoset.quickstart.homepage.TC003_VerifyLoginWithDifferentRecords">
    <skipped/>
  </testcase> <!-- testLogin -->
  <testcase name="testLogin" time="5.977" classname="com.test.autoset.quickstart.homepage.TC003_VerifyLoginWithDifferentRecords"/>
</testsuite> <!-- com.test.autoset.quickstart.homepage.TC003_VerifyLoginWithDifferentRecords -->
