<?xml version="1.0" encoding="UTF-8"?>
<!-- Generated by org.testng.reporters.JUnitReportReporter -->
<testsuite name="com.test.autoset.quickstart.homepage.TC002_verifyRegistration" tests="1" time="4.721" ignored="0" failures="0" timestamp="03 Jan 2018 03:36:27 GMT" skipped="0" hostname="DELL-PC" errors="0">
  <testcase name="verifyRegistrationSuccess" time="4.721" classname="com.test.autoset.quickstart.homepage.TC002_verifyRegistration"/>
</testsuite> <!-- com.test.autoset.quickstart.homepage.TC002_verifyRegistration -->
