<?xml version="1.0" encoding="UTF-8"?>
<!-- Generated by org.testng.reporters.JUnitReportReporter -->
<testsuite name="com.test.autoset.quickstart.homepage.TC001_VerifyLoginWithInvalidCredentials" tests="1" time="5.758" ignored="0" failures="0" timestamp="31 Dec 2017 07:39:51 GMT" skipped="0" hostname="DELL-PC" errors="0">
  <testcase name="verifyLoginWithInvalidCredentials" time="5.758" classname="com.test.autoset.quickstart.homepage.TC001_VerifyLoginWithInvalidCredentials"/>
</testsuite> <!-- com.test.autoset.quickstart.homepage.TC001_VerifyLoginWithInvalidCredentials -->
